{"/Users/cj/Desktop/HackReactor/6_Week/reviews/knexfile.js": {"path":"/Users/cj/Desktop/HackReactor/6_Week/reviews/knexfile.js","statementMap":{"0":{"start":{"line":1,"column":0},"end":{"line":53,"column":2}}},"fnMap":{},"branchMap":{},"s":{"0":1},"f":{},"b":{},"_coverageSchema":"43e27e138ebf9cfc5966b082cf9a028302ed4184","hash":"b6272bdf722a2ea2329686126ae79b80fb29ed3a"}
,"/Users/cj/Desktop/HackReactor/6_Week/reviews/server/db/dbConfig.js": {"path":"/Users/cj/Desktop/HackReactor/6_Week/reviews/server/db/dbConfig.js","statementMap":{"0":{"start":{"line":2,"column":20},"end":{"line":2,"column":57}},"1":{"start":{"line":3,"column":22},"end":{"line":3,"column":60}},"2":{"start":{"line":4,"column":17},"end":{"line":4,"column":47}},"3":{"start":{"line":6,"column":0},"end":{"line":6,"column":26}}},"fnMap":{},"branchMap":{"0":{"loc":{"start":{"line":2,"column":20},"end":{"line":2,"column":57}},"type":"binary-expr","locations":[{"start":{"line":2,"column":20},"end":{"line":2,"column":40}},{"start":{"line":2,"column":44},"end":{"line":2,"column":57}}],"line":2}},"s":{"0":1,"1":1,"2":1,"3":1},"f":{},"b":{"0":[1,0]},"_coverageSchema":"43e27e138ebf9cfc5966b082cf9a028302ed4184","hash":"5a1b372ed6bc76d0c7a46fb6a52bbd0c12ad0c86"}
}
